<?xml version="1.0" encoding="UTF-8"?>
<testsuite xmlns:xsi="http://www.w3.org/2001/XMLSchema-instance" xsi:noNamespaceSchemaLocation="https://maven.apache.org/surefire/maven-surefire-plugin/xsd/surefire-test-report.xsd" name="com.xd.AppTest" time="0.122" tests="1" errors="0" skipped="0" failures="0">
  <properties>
    <property name="sun.desktop" value="windows"/>
    <property name="awt.toolkit" value="sun.awt.windows.WToolkit"/>
    <property name="file.encoding.pkg" value="sun.io"/>
    <property name="java.specification.version" value="1.8"/>
    <property name="sun.cpu.isalist" value="amd64"/>
    <property name="sun.jnu.encoding" value="GBK"/>
    <property name="java.class.path" value="D:\work\Product\mysaas\pre\pre-myweixin\target\test-classes;D:\work\Product\mysaas\pre\pre-myweixin\target\classes;D:\mavenreposition\junit\junit\4.11\junit-4.11.jar;D:\mavenreposition\org\hamcrest\hamcrest-core\2.1\hamcrest-core-2.1.jar;D:\mavenreposition\org\hamcrest\hamcrest\2.1\hamcrest-2.1.jar;D:\mavenreposition\commons-codec\commons-codec\1.13\commons-codec-1.13.jar;D:\mavenreposition\org\springframework\boot\spring-boot-starter-web\2.2.2.RELEASE\spring-boot-starter-web-2.2.2.RELEASE.jar;D:\mavenreposition\org\springframework\boot\spring-boot-starter\2.2.2.RELEASE\spring-boot-starter-2.2.2.RELEASE.jar;D:\mavenreposition\org\springframework\boot\spring-boot-starter-logging\2.2.2.RELEASE\spring-boot-starter-logging-2.2.2.RELEASE.jar;D:\mavenreposition\ch\qos\logback\logback-classic\1.2.3\logback-classic-1.2.3.jar;D:\mavenreposition\ch\qos\logback\logback-core\1.2.3\logback-core-1.2.3.jar;D:\mavenreposition\org\apache\logging\log4j\log4j-to-slf4j\2.12.1\log4j-to-slf4j-2.12.1.jar;D:\mavenreposition\org\apache\logging\log4j\log4j-api\2.12.1\log4j-api-2.12.1.jar;D:\mavenreposition\org\slf4j\jul-to-slf4j\1.7.29\jul-to-slf4j-1.7.29.jar;D:\mavenreposition\jakarta\annotation\jakarta.annotation-api\1.3.5\jakarta.annotation-api-1.3.5.jar;D:\mavenreposition\org\springframework\spring-core\5.2.2.RELEASE\spring-core-5.2.2.RELEASE.jar;D:\mavenreposition\org\springframework\spring-jcl\5.2.2.RELEASE\spring-jcl-5.2.2.RELEASE.jar;D:\mavenreposition\org\yaml\snakeyaml\1.25\snakeyaml-1.25.jar;D:\mavenreposition\org\springframework\boot\spring-boot-starter-json\2.2.2.RELEASE\spring-boot-starter-json-2.2.2.RELEASE.jar;D:\mavenreposition\com\fasterxml\jackson\datatype\jackson-datatype-jdk8\2.10.1\jackson-datatype-jdk8-2.10.1.jar;D:\mavenreposition\com\fasterxml\jackson\datatype\jackson-datatype-jsr310\2.10.1\jackson-datatype-jsr310-2.10.1.jar;D:\mavenreposition\com\fasterxml\jackson\module\jackson-module-parameter-names\2.10.1\jackson-module-parameter-names-2.10.1.jar;D:\mavenreposition\org\springframework\boot\spring-boot-starter-validation\2.2.2.RELEASE\spring-boot-starter-validation-2.2.2.RELEASE.jar;D:\mavenreposition\jakarta\validation\jakarta.validation-api\2.0.1\jakarta.validation-api-2.0.1.jar;D:\mavenreposition\org\hibernate\validator\hibernate-validator\6.0.18.Final\hibernate-validator-6.0.18.Final.jar;D:\mavenreposition\com\fasterxml\classmate\1.5.1\classmate-1.5.1.jar;D:\mavenreposition\org\springframework\spring-web\5.2.2.RELEASE\spring-web-5.2.2.RELEASE.jar;D:\mavenreposition\org\springframework\spring-beans\5.2.2.RELEASE\spring-beans-5.2.2.RELEASE.jar;D:\mavenreposition\org\springframework\spring-webmvc\5.2.2.RELEASE\spring-webmvc-5.2.2.RELEASE.jar;D:\mavenreposition\org\springframework\spring-context\5.2.2.RELEASE\spring-context-5.2.2.RELEASE.jar;D:\mavenreposition\org\springframework\spring-expression\5.2.2.RELEASE\spring-expression-5.2.2.RELEASE.jar;D:\mavenreposition\org\springframework\boot\spring-boot-starter-undertow\2.2.2.RELEASE\spring-boot-starter-undertow-2.2.2.RELEASE.jar;D:\mavenreposition\io\undertow\undertow-core\2.0.28.Final\undertow-core-2.0.28.Final.jar;D:\mavenreposition\org\jboss\logging\jboss-logging\3.4.1.Final\jboss-logging-3.4.1.Final.jar;D:\mavenreposition\org\jboss\xnio\xnio-api\3.3.8.Final\xnio-api-3.3.8.Final.jar;D:\mavenreposition\org\jboss\xnio\xnio-nio\3.3.8.Final\xnio-nio-3.3.8.Final.jar;D:\mavenreposition\io\undertow\undertow-servlet\2.0.28.Final\undertow-servlet-2.0.28.Final.jar;D:\mavenreposition\org\jboss\spec\javax\annotation\jboss-annotations-api_1.2_spec\1.0.2.Final\jboss-annotations-api_1.2_spec-1.0.2.Final.jar;D:\mavenreposition\io\undertow\undertow-websockets-jsr\2.0.28.Final\undertow-websockets-jsr-2.0.28.Final.jar;D:\mavenreposition\org\jboss\spec\javax\websocket\jboss-websocket-api_1.1_spec\1.1.4.Final\jboss-websocket-api_1.1_spec-1.1.4.Final.jar;D:\mavenreposition\jakarta\servlet\jakarta.servlet-api\4.0.3\jakarta.servlet-api-4.0.3.jar;D:\mavenreposition\org\glassfish\jakarta.el\3.0.3\jakarta.el-3.0.3.jar;D:\mavenreposition\mysql\mysql-connector-java\5.1.42\mysql-connector-java-5.1.42.jar;D:\mavenreposition\org\projectlombok\lombok\1.18.10\lombok-1.18.10.jar;D:\mavenreposition\com\baomidou\mybatis-plus-boot-starter\3.3.0\mybatis-plus-boot-starter-3.3.0.jar;D:\mavenreposition\com\baomidou\mybatis-plus\3.3.0\mybatis-plus-3.3.0.jar;D:\mavenreposition\org\springframework\boot\spring-boot-autoconfigure\2.2.2.RELEASE\spring-boot-autoconfigure-2.2.2.RELEASE.jar;D:\mavenreposition\org\springframework\boot\spring-boot-starter-jdbc\2.2.2.RELEASE\spring-boot-starter-jdbc-2.2.2.RELEASE.jar;D:\mavenreposition\com\zaxxer\HikariCP\3.4.1\HikariCP-3.4.1.jar;D:\mavenreposition\org\springframework\spring-jdbc\5.2.2.RELEASE\spring-jdbc-5.2.2.RELEASE.jar;D:\mavenreposition\com\baomidou\mybatis-plus-generator\3.3.0\mybatis-plus-generator-3.3.0.jar;D:\mavenreposition\com\baomidou\mybatis-plus-extension\3.3.0\mybatis-plus-extension-3.3.0.jar;D:\mavenreposition\com\baomidou\mybatis-plus-core\3.3.0\mybatis-plus-core-3.3.0.jar;D:\mavenreposition\com\baomidou\mybatis-plus-annotation\3.3.0\mybatis-plus-annotation-3.3.0.jar;D:\mavenreposition\com\github\jsqlparser\jsqlparser\3.1\jsqlparser-3.1.jar;D:\mavenreposition\org\mybatis\mybatis\3.5.3\mybatis-3.5.3.jar;D:\mavenreposition\org\mybatis\mybatis-spring\2.0.3\mybatis-spring-2.0.3.jar;D:\mavenreposition\org\apache\velocity\velocity-engine-core\2.1\velocity-engine-core-2.1.jar;D:\mavenreposition\org\apache\commons\commons-lang3\3.9\commons-lang3-3.9.jar;D:\mavenreposition\org\slf4j\slf4j-api\1.7.29\slf4j-api-1.7.29.jar;D:\mavenreposition\org\springframework\boot\spring-boot-starter-aop\2.2.2.RELEASE\spring-boot-starter-aop-2.2.2.RELEASE.jar;D:\mavenreposition\org\springframework\spring-aop\5.2.2.RELEASE\spring-aop-5.2.2.RELEASE.jar;D:\mavenreposition\org\aspectj\aspectjweaver\1.9.5\aspectjweaver-1.9.5.jar;D:\mavenreposition\cn\hutool\hutool-all\4.5.6\hutool-all-4.5.6.jar;D:\mavenreposition\com\alibaba\fastjson\1.2.58\fastjson-1.2.58.jar;D:\mavenreposition\org\springframework\boot\spring-boot-test\2.2.2.RELEASE\spring-boot-test-2.2.2.RELEASE.jar;D:\mavenreposition\org\springframework\boot\spring-boot\2.2.2.RELEASE\spring-boot-2.2.2.RELEASE.jar;D:\mavenreposition\io\jsonwebtoken\jjwt\0.9.1\jjwt-0.9.1.jar;D:\mavenreposition\com\fasterxml\jackson\core\jackson-databind\2.10.1\jackson-databind-2.10.1.jar;D:\mavenreposition\com\fasterxml\jackson\core\jackson-annotations\2.10.1\jackson-annotations-2.10.1.jar;D:\mavenreposition\com\fasterxml\jackson\core\jackson-core\2.10.1\jackson-core-2.10.1.jar;D:\mavenreposition\joda-time\joda-time\2.10.1\joda-time-2.10.1.jar;D:\mavenreposition\org\springframework\boot\spring-boot-starter-mail\2.2.2.RELEASE\spring-boot-starter-mail-2.2.2.RELEASE.jar;D:\mavenreposition\org\springframework\spring-context-support\5.2.2.RELEASE\spring-context-support-5.2.2.RELEASE.jar;D:\mavenreposition\com\sun\mail\jakarta.mail\1.6.4\jakarta.mail-1.6.4.jar;D:\mavenreposition\com\sun\activation\jakarta.activation\1.2.1\jakarta.activation-1.2.1.jar;D:\mavenreposition\com\github\ulisesbocchio\jasypt-spring-boot-starter\2.1.0\jasypt-spring-boot-starter-2.1.0.jar;D:\mavenreposition\com\github\ulisesbocchio\jasypt-spring-boot\2.1.0\jasypt-spring-boot-2.1.0.jar;D:\mavenreposition\org\jasypt\jasypt\1.9.2\jasypt-1.9.2.jar;D:\mavenreposition\org\springframework\boot\spring-boot-starter-data-redis\2.2.2.RELEASE\spring-boot-starter-data-redis-2.2.2.RELEASE.jar;D:\mavenreposition\org\springframework\data\spring-data-redis\2.2.3.RELEASE\spring-data-redis-2.2.3.RELEASE.jar;D:\mavenreposition\org\springframework\data\spring-data-keyvalue\2.2.3.RELEASE\spring-data-keyvalue-2.2.3.RELEASE.jar;D:\mavenreposition\org\springframework\data\spring-data-commons\2.2.3.RELEASE\spring-data-commons-2.2.3.RELEASE.jar;D:\mavenreposition\org\springframework\spring-tx\5.2.2.RELEASE\spring-tx-5.2.2.RELEASE.jar;D:\mavenreposition\org\springframework\spring-oxm\5.2.2.RELEASE\spring-oxm-5.2.2.RELEASE.jar;D:\mavenreposition\io\lettuce\lettuce-core\5.2.1.RELEASE\lettuce-core-5.2.1.RELEASE.jar;D:\mavenreposition\io\netty\netty-common\4.1.43.Final\netty-common-4.1.43.Final.jar;D:\mavenreposition\io\netty\netty-handler\4.1.43.Final\netty-handler-4.1.43.Final.jar;D:\mavenreposition\io\netty\netty-buffer\4.1.43.Final\netty-buffer-4.1.43.Final.jar;D:\mavenreposition\io\netty\netty-codec\4.1.43.Final\netty-codec-4.1.43.Final.jar;D:\mavenreposition\io\netty\netty-transport\4.1.43.Final\netty-transport-4.1.43.Final.jar;D:\mavenreposition\io\netty\netty-resolver\4.1.43.Final\netty-resolver-4.1.43.Final.jar;D:\mavenreposition\io\projectreactor\reactor-core\3.3.1.RELEASE\reactor-core-3.3.1.RELEASE.jar;D:\mavenreposition\org\reactivestreams\reactive-streams\1.0.3\reactive-streams-1.0.3.jar;D:\mavenreposition\org\springframework\social\spring-social-security\1.1.6.RELEASE\spring-social-security-1.1.6.RELEASE.jar;D:\mavenreposition\org\springframework\security\spring-security-web\5.2.1.RELEASE\spring-security-web-5.2.1.RELEASE.jar;D:\mavenreposition\org\springframework\security\spring-security-core\5.2.1.RELEASE\spring-security-core-5.2.1.RELEASE.jar;D:\mavenreposition\org\springframework\social\spring-social-core\1.1.6.RELEASE\spring-social-core-1.1.6.RELEASE.jar;D:\mavenreposition\org\springframework\social\spring-social-config\1.1.6.RELEASE\spring-social-config-1.1.6.RELEASE.jar;D:\mavenreposition\org\springframework\social\spring-social-web\1.1.6.RELEASE\spring-social-web-1.1.6.RELEASE.jar;D:\mavenreposition\javax\inject\javax.inject\1\javax.inject-1.jar;D:\mavenreposition\com\google\guava\guava\19.0\guava-19.0.jar;D:\mavenreposition\com\github\whvcse\easy-captcha\1.6.2\easy-captcha-1.6.2.jar;D:\mavenreposition\commons-io\commons-io\2.2\commons-io-2.2.jar;"/>
    <property name="java.vm.vendor" value="Oracle Corporation"/>
    <property name="sun.arch.data.model" value="64"/>
    <property name="user.variant" value=""/>
    <property name="java.vendor.url" value="http://java.oracle.com/"/>
    <property name="user.timezone" value="Asia/Shanghai"/>
    <property name="java.vm.specification.version" value="1.8"/>
    <property name="os.name" value="Windows 10"/>
    <property name="user.country" value="CN"/>
    <property name="sun.java.launcher" value="SUN_STANDARD"/>
    <property name="sun.boot.library.path" value="C:\Program Files\Java\jdk1.8.0_201\jre\bin"/>
    <property name="sun.java.command" value="C:\Users\shou440\AppData\Local\Temp\surefire8158810288897174831\surefirebooter5980297873254210576.jar C:\Users\shou440\AppData\Local\Temp\surefire8158810288897174831 2020-10-03T00-27-48_336-jvmRun1 surefire1208574134817988567tmp surefire_03799817523504300722tmp"/>
    <property name="surefire.test.class.path" value="D:\work\Product\mysaas\pre\pre-myweixin\target\test-classes;D:\work\Product\mysaas\pre\pre-myweixin\target\classes;D:\mavenreposition\junit\junit\4.11\junit-4.11.jar;D:\mavenreposition\org\hamcrest\hamcrest-core\2.1\hamcrest-core-2.1.jar;D:\mavenreposition\org\hamcrest\hamcrest\2.1\hamcrest-2.1.jar;D:\mavenreposition\commons-codec\commons-codec\1.13\commons-codec-1.13.jar;D:\mavenreposition\org\springframework\boot\spring-boot-starter-web\2.2.2.RELEASE\spring-boot-starter-web-2.2.2.RELEASE.jar;D:\mavenreposition\org\springframework\boot\spring-boot-starter\2.2.2.RELEASE\spring-boot-starter-2.2.2.RELEASE.jar;D:\mavenreposition\org\springframework\boot\spring-boot-starter-logging\2.2.2.RELEASE\spring-boot-starter-logging-2.2.2.RELEASE.jar;D:\mavenreposition\ch\qos\logback\logback-classic\1.2.3\logback-classic-1.2.3.jar;D:\mavenreposition\ch\qos\logback\logback-core\1.2.3\logback-core-1.2.3.jar;D:\mavenreposition\org\apache\logging\log4j\log4j-to-slf4j\2.12.1\log4j-to-slf4j-2.12.1.jar;D:\mavenreposition\org\apache\logging\log4j\log4j-api\2.12.1\log4j-api-2.12.1.jar;D:\mavenreposition\org\slf4j\jul-to-slf4j\1.7.29\jul-to-slf4j-1.7.29.jar;D:\mavenreposition\jakarta\annotation\jakarta.annotation-api\1.3.5\jakarta.annotation-api-1.3.5.jar;D:\mavenreposition\org\springframework\spring-core\5.2.2.RELEASE\spring-core-5.2.2.RELEASE.jar;D:\mavenreposition\org\springframework\spring-jcl\5.2.2.RELEASE\spring-jcl-5.2.2.RELEASE.jar;D:\mavenreposition\org\yaml\snakeyaml\1.25\snakeyaml-1.25.jar;D:\mavenreposition\org\springframework\boot\spring-boot-starter-json\2.2.2.RELEASE\spring-boot-starter-json-2.2.2.RELEASE.jar;D:\mavenreposition\com\fasterxml\jackson\datatype\jackson-datatype-jdk8\2.10.1\jackson-datatype-jdk8-2.10.1.jar;D:\mavenreposition\com\fasterxml\jackson\datatype\jackson-datatype-jsr310\2.10.1\jackson-datatype-jsr310-2.10.1.jar;D:\mavenreposition\com\fasterxml\jackson\module\jackson-module-parameter-names\2.10.1\jackson-module-parameter-names-2.10.1.jar;D:\mavenreposition\org\springframework\boot\spring-boot-starter-validation\2.2.2.RELEASE\spring-boot-starter-validation-2.2.2.RELEASE.jar;D:\mavenreposition\jakarta\validation\jakarta.validation-api\2.0.1\jakarta.validation-api-2.0.1.jar;D:\mavenreposition\org\hibernate\validator\hibernate-validator\6.0.18.Final\hibernate-validator-6.0.18.Final.jar;D:\mavenreposition\com\fasterxml\classmate\1.5.1\classmate-1.5.1.jar;D:\mavenreposition\org\springframework\spring-web\5.2.2.RELEASE\spring-web-5.2.2.RELEASE.jar;D:\mavenreposition\org\springframework\spring-beans\5.2.2.RELEASE\spring-beans-5.2.2.RELEASE.jar;D:\mavenreposition\org\springframework\spring-webmvc\5.2.2.RELEASE\spring-webmvc-5.2.2.RELEASE.jar;D:\mavenreposition\org\springframework\spring-context\5.2.2.RELEASE\spring-context-5.2.2.RELEASE.jar;D:\mavenreposition\org\springframework\spring-expression\5.2.2.RELEASE\spring-expression-5.2.2.RELEASE.jar;D:\mavenreposition\org\springframework\boot\spring-boot-starter-undertow\2.2.2.RELEASE\spring-boot-starter-undertow-2.2.2.RELEASE.jar;D:\mavenreposition\io\undertow\undertow-core\2.0.28.Final\undertow-core-2.0.28.Final.jar;D:\mavenreposition\org\jboss\logging\jboss-logging\3.4.1.Final\jboss-logging-3.4.1.Final.jar;D:\mavenreposition\org\jboss\xnio\xnio-api\3.3.8.Final\xnio-api-3.3.8.Final.jar;D:\mavenreposition\org\jboss\xnio\xnio-nio\3.3.8.Final\xnio-nio-3.3.8.Final.jar;D:\mavenreposition\io\undertow\undertow-servlet\2.0.28.Final\undertow-servlet-2.0.28.Final.jar;D:\mavenreposition\org\jboss\spec\javax\annotation\jboss-annotations-api_1.2_spec\1.0.2.Final\jboss-annotations-api_1.2_spec-1.0.2.Final.jar;D:\mavenreposition\io\undertow\undertow-websockets-jsr\2.0.28.Final\undertow-websockets-jsr-2.0.28.Final.jar;D:\mavenreposition\org\jboss\spec\javax\websocket\jboss-websocket-api_1.1_spec\1.1.4.Final\jboss-websocket-api_1.1_spec-1.1.4.Final.jar;D:\mavenreposition\jakarta\servlet\jakarta.servlet-api\4.0.3\jakarta.servlet-api-4.0.3.jar;D:\mavenreposition\org\glassfish\jakarta.el\3.0.3\jakarta.el-3.0.3.jar;D:\mavenreposition\mysql\mysql-connector-java\5.1.42\mysql-connector-java-5.1.42.jar;D:\mavenreposition\org\projectlombok\lombok\1.18.10\lombok-1.18.10.jar;D:\mavenreposition\com\baomidou\mybatis-plus-boot-starter\3.3.0\mybatis-plus-boot-starter-3.3.0.jar;D:\mavenreposition\com\baomidou\mybatis-plus\3.3.0\mybatis-plus-3.3.0.jar;D:\mavenreposition\org\springframework\boot\spring-boot-autoconfigure\2.2.2.RELEASE\spring-boot-autoconfigure-2.2.2.RELEASE.jar;D:\mavenreposition\org\springframework\boot\spring-boot-starter-jdbc\2.2.2.RELEASE\spring-boot-starter-jdbc-2.2.2.RELEASE.jar;D:\mavenreposition\com\zaxxer\HikariCP\3.4.1\HikariCP-3.4.1.jar;D:\mavenreposition\org\springframework\spring-jdbc\5.2.2.RELEASE\spring-jdbc-5.2.2.RELEASE.jar;D:\mavenreposition\com\baomidou\mybatis-plus-generator\3.3.0\mybatis-plus-generator-3.3.0.jar;D:\mavenreposition\com\baomidou\mybatis-plus-extension\3.3.0\mybatis-plus-extension-3.3.0.jar;D:\mavenreposition\com\baomidou\mybatis-plus-core\3.3.0\mybatis-plus-core-3.3.0.jar;D:\mavenreposition\com\baomidou\mybatis-plus-annotation\3.3.0\mybatis-plus-annotation-3.3.0.jar;D:\mavenreposition\com\github\jsqlparser\jsqlparser\3.1\jsqlparser-3.1.jar;D:\mavenreposition\org\mybatis\mybatis\3.5.3\mybatis-3.5.3.jar;D:\mavenreposition\org\mybatis\mybatis-spring\2.0.3\mybatis-spring-2.0.3.jar;D:\mavenreposition\org\apache\velocity\velocity-engine-core\2.1\velocity-engine-core-2.1.jar;D:\mavenreposition\org\apache\commons\commons-lang3\3.9\commons-lang3-3.9.jar;D:\mavenreposition\org\slf4j\slf4j-api\1.7.29\slf4j-api-1.7.29.jar;D:\mavenreposition\org\springframework\boot\spring-boot-starter-aop\2.2.2.RELEASE\spring-boot-starter-aop-2.2.2.RELEASE.jar;D:\mavenreposition\org\springframework\spring-aop\5.2.2.RELEASE\spring-aop-5.2.2.RELEASE.jar;D:\mavenreposition\org\aspectj\aspectjweaver\1.9.5\aspectjweaver-1.9.5.jar;D:\mavenreposition\cn\hutool\hutool-all\4.5.6\hutool-all-4.5.6.jar;D:\mavenreposition\com\alibaba\fastjson\1.2.58\fastjson-1.2.58.jar;D:\mavenreposition\org\springframework\boot\spring-boot-test\2.2.2.RELEASE\spring-boot-test-2.2.2.RELEASE.jar;D:\mavenreposition\org\springframework\boot\spring-boot\2.2.2.RELEASE\spring-boot-2.2.2.RELEASE.jar;D:\mavenreposition\io\jsonwebtoken\jjwt\0.9.1\jjwt-0.9.1.jar;D:\mavenreposition\com\fasterxml\jackson\core\jackson-databind\2.10.1\jackson-databind-2.10.1.jar;D:\mavenreposition\com\fasterxml\jackson\core\jackson-annotations\2.10.1\jackson-annotations-2.10.1.jar;D:\mavenreposition\com\fasterxml\jackson\core\jackson-core\2.10.1\jackson-core-2.10.1.jar;D:\mavenreposition\joda-time\joda-time\2.10.1\joda-time-2.10.1.jar;D:\mavenreposition\org\springframework\boot\spring-boot-starter-mail\2.2.2.RELEASE\spring-boot-starter-mail-2.2.2.RELEASE.jar;D:\mavenreposition\org\springframework\spring-context-support\5.2.2.RELEASE\spring-context-support-5.2.2.RELEASE.jar;D:\mavenreposition\com\sun\mail\jakarta.mail\1.6.4\jakarta.mail-1.6.4.jar;D:\mavenreposition\com\sun\activation\jakarta.activation\1.2.1\jakarta.activation-1.2.1.jar;D:\mavenreposition\com\github\ulisesbocchio\jasypt-spring-boot-starter\2.1.0\jasypt-spring-boot-starter-2.1.0.jar;D:\mavenreposition\com\github\ulisesbocchio\jasypt-spring-boot\2.1.0\jasypt-spring-boot-2.1.0.jar;D:\mavenreposition\org\jasypt\jasypt\1.9.2\jasypt-1.9.2.jar;D:\mavenreposition\org\springframework\boot\spring-boot-starter-data-redis\2.2.2.RELEASE\spring-boot-starter-data-redis-2.2.2.RELEASE.jar;D:\mavenreposition\org\springframework\data\spring-data-redis\2.2.3.RELEASE\spring-data-redis-2.2.3.RELEASE.jar;D:\mavenreposition\org\springframework\data\spring-data-keyvalue\2.2.3.RELEASE\spring-data-keyvalue-2.2.3.RELEASE.jar;D:\mavenreposition\org\springframework\data\spring-data-commons\2.2.3.RELEASE\spring-data-commons-2.2.3.RELEASE.jar;D:\mavenreposition\org\springframework\spring-tx\5.2.2.RELEASE\spring-tx-5.2.2.RELEASE.jar;D:\mavenreposition\org\springframework\spring-oxm\5.2.2.RELEASE\spring-oxm-5.2.2.RELEASE.jar;D:\mavenreposition\io\lettuce\lettuce-core\5.2.1.RELEASE\lettuce-core-5.2.1.RELEASE.jar;D:\mavenreposition\io\netty\netty-common\4.1.43.Final\netty-common-4.1.43.Final.jar;D:\mavenreposition\io\netty\netty-handler\4.1.43.Final\netty-handler-4.1.43.Final.jar;D:\mavenreposition\io\netty\netty-buffer\4.1.43.Final\netty-buffer-4.1.43.Final.jar;D:\mavenreposition\io\netty\netty-codec\4.1.43.Final\netty-codec-4.1.43.Final.jar;D:\mavenreposition\io\netty\netty-transport\4.1.43.Final\netty-transport-4.1.43.Final.jar;D:\mavenreposition\io\netty\netty-resolver\4.1.43.Final\netty-resolver-4.1.43.Final.jar;D:\mavenreposition\io\projectreactor\reactor-core\3.3.1.RELEASE\reactor-core-3.3.1.RELEASE.jar;D:\mavenreposition\org\reactivestreams\reactive-streams\1.0.3\reactive-streams-1.0.3.jar;D:\mavenreposition\org\springframework\social\spring-social-security\1.1.6.RELEASE\spring-social-security-1.1.6.RELEASE.jar;D:\mavenreposition\org\springframework\security\spring-security-web\5.2.1.RELEASE\spring-security-web-5.2.1.RELEASE.jar;D:\mavenreposition\org\springframework\security\spring-security-core\5.2.1.RELEASE\spring-security-core-5.2.1.RELEASE.jar;D:\mavenreposition\org\springframework\social\spring-social-core\1.1.6.RELEASE\spring-social-core-1.1.6.RELEASE.jar;D:\mavenreposition\org\springframework\social\spring-social-config\1.1.6.RELEASE\spring-social-config-1.1.6.RELEASE.jar;D:\mavenreposition\org\springframework\social\spring-social-web\1.1.6.RELEASE\spring-social-web-1.1.6.RELEASE.jar;D:\mavenreposition\javax\inject\javax.inject\1\javax.inject-1.jar;D:\mavenreposition\com\google\guava\guava\19.0\guava-19.0.jar;D:\mavenreposition\com\github\whvcse\easy-captcha\1.6.2\easy-captcha-1.6.2.jar;D:\mavenreposition\commons-io\commons-io\2.2\commons-io-2.2.jar;"/>
    <property name="sun.cpu.endian" value="little"/>
    <property name="user.home" value="C:\Users\shou440"/>
    <property name="user.language" value="zh"/>
    <property name="java.specification.vendor" value="Oracle Corporation"/>
    <property name="java.home" value="C:\Program Files\Java\jdk1.8.0_201\jre"/>
    <property name="basedir" value="D:\work\Product\mysaas\pre\pre-myweixin"/>
    <property name="file.separator" value="\"/>
    <property name="line.separator" value="&#10;"/>
    <property name="java.vm.specification.vendor" value="Oracle Corporation"/>
    <property name="java.specification.name" value="Java Platform API Specification"/>
    <property name="java.awt.graphicsenv" value="sun.awt.Win32GraphicsEnvironment"/>
    <property name="surefire.real.class.path" value="C:\Users\shou440\AppData\Local\Temp\surefire8158810288897174831\surefirebooter5980297873254210576.jar"/>
    <property name="sun.boot.class.path" value="C:\Program Files\Java\jdk1.8.0_201\jre\lib\resources.jar;C:\Program Files\Java\jdk1.8.0_201\jre\lib\rt.jar;C:\Program Files\Java\jdk1.8.0_201\jre\lib\sunrsasign.jar;C:\Program Files\Java\jdk1.8.0_201\jre\lib\jsse.jar;C:\Program Files\Java\jdk1.8.0_201\jre\lib\jce.jar;C:\Program Files\Java\jdk1.8.0_201\jre\lib\charsets.jar;C:\Program Files\Java\jdk1.8.0_201\jre\lib\jfr.jar;C:\Program Files\Java\jdk1.8.0_201\jre\classes"/>
    <property name="user.script" value=""/>
    <property name="sun.management.compiler" value="HotSpot 64-Bit Tiered Compilers"/>
    <property name="java.runtime.version" value="1.8.0_201-b09"/>
    <property name="user.name" value="shou440"/>
    <property name="path.separator" value=";"/>
    <property name="os.version" value="10.0"/>
    <property name="java.endorsed.dirs" value="C:\Program Files\Java\jdk1.8.0_201\jre\lib\endorsed"/>
    <property name="java.runtime.name" value="Java(TM) SE Runtime Environment"/>
    <property name="file.encoding" value="GBK"/>
    <property name="java.vm.name" value="Java HotSpot(TM) 64-Bit Server VM"/>
    <property name="localRepository" value="D:\mavenreposition"/>
    <property name="java.vendor.url.bug" value="http://bugreport.sun.com/bugreport/"/>
    <property name="java.io.tmpdir" value="C:\Users\shou440\AppData\Local\Temp\"/>
    <property name="java.version" value="1.8.0_201"/>
    <property name="user.dir" value="D:\work\Product\mysaas\pre\pre-myweixin"/>
    <property name="os.arch" value="amd64"/>
    <property name="java.vm.specification.name" value="Java Virtual Machine Specification"/>
    <property name="java.awt.printerjob" value="sun.awt.windows.WPrinterJob"/>
    <property name="sun.os.patch.level" value=""/>
    <property name="java.library.path" value="C:\Program Files\Java\jdk1.8.0_201\jre\bin;C:\WINDOWS\Sun\Java\bin;C:\WINDOWS\system32;C:\WINDOWS;C:\Program Files (x86)\Common Files\Oracle\Java\javapath;C:\Program Files (x86)\Common Files\Intel\Shared Files\cpp\bin\Intel64;C:\Program Files (x86)\Intel\iCLS Client\;C:\Program Files\Intel\iCLS Client\;C:\Windows\system32;C:\Windows;C:\Windows\System32\Wbem;C:\Windows\System32\WindowsPowerShell\v1.0\;C:\Program Files (x86)\Intel\Intel(R) Management Engine Components\DAL;C:\Program Files\Intel\Intel(R) Management Engine Components\DAL;C:\Program Files (x86)\Intel\Intel(R) Management Engine Components\IPT;C:\Program Files\Intel\Intel(R) Management Engine Components\IPT;C:\Program Files (x86)\NVIDIA Corporation\PhysX\Common;C:\WINDOWS\system32;C:\WINDOWS;C:\WINDOWS\System32\Wbem;C:\WINDOWS\System32\WindowsPowerShell\v1.0\;C:\WINDOWS\system32\config\systemprofile\.dnx\bin;C:\Program Files\Microsoft DNX\Dnvm\;C:\Program Files\Microsoft SQL Server\120\Tools\Binn\;C:\Program Files\Microsoft SQL Server\130\Tools\Binn\;C:\Program Files\Intel\WiFi\bin\;C:\Program Files\Common Files\Intel\WirelessCommon\;C:\Program Files\TortoiseSVN\bin;C:\Program Files\Microsoft SQL Server\Client SDK\ODBC\110\Tools\Binn\;C:\Program Files (x86)\Microsoft SQL Server\120\Tools\Binn\;C:\Program Files\Microsoft SQL Server\120\DTS\Binn\;C:\Program Files (x86)\Windows Kits\8.1\Windows Performance Toolkit\;C:\Program Files\MySQL\MySQL Server 5.5\bin;C:\WINDOWS\System32\OpenSSH\;C:\Program Files (x86)\Microchip\xc16\v1.36\bin;C:\Program Files\nodejs\;C:\Program Files\Git\cmd;C:\Python27;C:\apache-maven-3.6.3-bin\apache-maven-3.6.3\bin;&quot;C:\Program Files\Java\jdk1.8.0_201\bin;C:\Program Files\Java\jdk1.8.0_201\jre\bin&quot;;C:\apache-maven-3.6.1\bin;C:\Program Files\PuTTY\;C:\Users\shou440\AppData\Local\Programs\Python\Python38\Scripts\;C:\Users\shou440\AppData\Local\Programs\Python\Python38\;C:\Users\shou440\.dnx\bin;C:\Users\shou440\AppData\Local\Microsoft\WindowsApps;C:\Users\shou440\AppData\Roaming\npm;C:\Users\shou440\AppData\Local\Programs\Microsoft VS Code\bin;C:\Users\shou440\AppData\Local\Microsoft\WindowsApps;;C:\Program Files\JetBrains\IntelliJ IDEA 2019.3.2\bin;;."/>
    <property name="idea.version2019.3.2" value="true"/>
    <property name="java.vm.info" value="mixed mode"/>
    <property name="java.vendor" value="Oracle Corporation"/>
    <property name="java.vm.version" value="25.201-b09"/>
    <property name="java.ext.dirs" value="C:\Program Files\Java\jdk1.8.0_201\jre\lib\ext;C:\WINDOWS\Sun\Java\lib\ext"/>
    <property name="sun.io.unicode.encoding" value="UnicodeLittle"/>
    <property name="maven.repo.local" value="D:\mavenreposition"/>
    <property name="java.class.version" value="52.0"/>
  </properties>
  <testcase name="shouldAnswerWithTrue" classname="com.xd.AppTest" time="0.004"/>
</testsuite>